Script started on Wed Jan 30 20:53:10 2013
ls[oh-my-zsh] Random theme '/Users/ciro/.oh-my-zsh/themes/rkj-repos.zsh-theme' loaded...

[1m[7m%[27m[1m[0m                                                                    ]2;ciro@macallan-2: ~/personal/frog]1;~/personal/frog[0m[27m[24m[J[0;34m[1m‚îå‚îÄ[[0m[0m[1;32mciro[1;30m@[0m[0;36mmacallan-2[0;34m[1m][0m[0m - [0m[0;34m[1m[[0m[1;37m~/personal/frog[0;34m[1m][0m[0m - [0;34m[1m[[0m[0;33m2013-01-30 08:53:11[0m[0;34m[1m][0m[0m
[0;34m[1m‚îî‚îÄ[1m[[1;35m$[0;34m[1m] <git:(master[33m‚ú±[30m‚úà[00m)>[0m[0m [Klls
]2;ls -G]1;lsREADME.md    [1m[36mnode_modules[39;49m[0m [1m[36mroutes[39;49m[0m       typescript
app.js       [31mpackage.json[39;49m[0m [1m[36mscripts[39;49m[0m      [1m[36mviews[39;49m[0m
[1m[36mconfig[39;49m[0m       [1m[36mpublic[39;49m[0m       [1m[36mtest[39;49m[0m
[1m[7m%[27m[1m[0m                                                                    ]2;ciro@macallan-2: ~/personal/frog]1;~/personal/frog[0m[27m[24m[J[0;34m[1m‚îå‚îÄ[[0m[0m[1;32mciro[1;30m@[0m[0;36mmacallan-2[0;34m[1m][0m[0m - [0m[0;34m[1m[[0m[1;37m~/personal/frog[0;34m[1m][0m[0m - [0;34m[1m[[0m[0;33m2013-01-30 08:53:11[0m[0;34m[1m][0m[0m
[0;34m[1m‚îî‚îÄ[1m[[1;35m$[0;34m[1m] <git:(master[33m‚ú±[30m‚úà[00m)>[0m[0m [Kc
]2;c]1;c[H[2J[1m[7m%[27m[1m[0m                                                                    ]2;ciro@macallan-2: ~/personal/frog]1;~/personal/frog[0m[27m[24m[J[0;34m[1m‚îå‚îÄ[[0m[0m[1;32mciro[1;30m@[0m[0;36mmacallan-2[0;34m[1m][0m[0m - [0m[0;34m[1m[[0m[1;37m~/personal/frog[0;34m[1m][0m[0m - [0;34m[1m[[0m[0;33m2013-01-30 08:53:16[0m[0;34m[1m][0m[0m
[0;34m[1m‚îî‚îÄ[1m[[1;35m$[0;34m[1m] <git:(master[33m‚ú±[30m‚úà[00m)>[0m[0m [Klls
]2;ls -G]1;lsREADME.md    [1m[36mnode_modules[39;49m[0m [1m[36mroutes[39;49m[0m       typescript
app.js       [31mpackage.json[39;49m[0m [1m[36mscripts[39;49m[0m      [1m[36mviews[39;49m[0m
[1m[36mconfig[39;49m[0m       [1m[36mpublic[39;49m[0m       [1m[36mtest[39;49m[0m
[1m[7m%[27m[1m[0m                                                                    ]2;ciro@macallan-2: ~/personal/frog]1;~/personal/frog[0m[27m[24m[J[0;34m[1m‚îå‚îÄ[[0m[0m[1;32mciro[1;30m@[0m[0;36mmacallan-2[0;34m[1m][0m[0m - [0m[0;34m[1m[[0m[1;37m~/personal/frog[0;34m[1m][0m[0m - [0;34m[1m[[0m[0;33m2013-01-30 08:53:16[0m[0;34m[1m][0m[0m
[0;34m[1m‚îî‚îÄ[1m[[1;35m$[0;34m[1m] <git:(master[33m‚ú±[30m‚úà[00m)>[0m[0m [Kccd scripts[1m/[0m[0m 
]2;cd scripts]1;cd[1m[7m%[27m[1m[0m                                                                    ]2;ciro@macallan-2: ~/personal/frog/scripts]1;../frog/scripts[0m[27m[24m[J[0;34m[1m‚îå‚îÄ[[0m[0m[1;32mciro[1;30m@[0m[0;36mmacallan-2[0;34m[1m][0m[0m - [0m[0;34m[1m[[0m[1;37m~/personal/frog/scripts[0;34m[1m][0m[0m - [0;34m[1m[[0m[0;33m2013-01-30 08:53:18[0m[0;34m[1m][0m[0m
[0;34m[1m‚îî‚îÄ[1m[[1;35m$[0;34m[1m] <git:(master[33m‚ú±[30m‚úà[00m)>[0m[0m [Klls
]2;ls -G]1;lse2e-test.bat  test.bat      [31mwatchr.rb[39;49m[0m
[31me2e-test.sh[39;49m[0m   [31mtest.sh[39;49m[0m       [31mweb-server.js[39;49m[0m
[1m[7m%[27m[1m[0m                                                                    ]2;ciro@macallan-2: ~/personal/frog/scripts]1;../frog/scripts[0m[27m[24m[J[0;34m[1m‚îå‚îÄ[[0m[0m[1;32mciro[1;30m@[0m[0;36mmacallan-2[0;34m[1m][0m[0m - [0m[0;34m[1m[[0m[1;37m~/personal/frog/scripts[0;34m[1m][0m[0m - [0;34m[1m[[0m[0;33m2013-01-30 08:53:19[0m[0;34m[1m][0m[0m
[0;34m[1m‚îî‚îÄ[1m[[1;35m$[0;34m[1m] <git:(master[33m‚ú±[30m‚úà[00m)>[0m[0m [Kzzsh
]2;zsh]1;zsh[oh-my-zsh] Random theme '/Users/ciro/.oh-my-zsh/themes/sorin.zsh-theme' loaded...
[1m[7m%[27m[1m[0m                                                                    ]2;ciro@macallan-2: ~/personal/frog/scripts]1;../frog/scripts[0m[27m[24m[J[36mscripts [34mgit[00m:[31mmaster[00m [01;32m‚ùØ[00m [K[42C[31m[00m[34m ‚úπ[36m ‚ú≠[00m[46Dc
]2;c]1;c[H[2J[1m[7m%[27m[1m[0m                                                                    ]2;ciro@macallan-2: ~/personal/frog/scripts]1;../frog/scripts[0m[27m[24m[J[36mscripts [34mgit[00m:[31mmaster[00m [01;32m‚ùØ[00m [K[42C[31m[00m[34m ‚úπ[36m ‚ú≠[00m[46Dlls
]2;ls -G]1;lse2e-test.bat  test.bat      [31mwatchr.rb[39;49m[0m
[31me2e-test.sh[39;49m[0m   [31mtest.sh[39;49m[0m       [31mweb-server.js[39;49m[0m
[1m[7m%[27m[1m[0m                                                                    ]2;ciro@macallan-2: ~/personal/frog/scripts]1;../frog/scripts[0m[27m[24m[J[36mscripts [34mgit[00m:[31mmaster[00m [01;32m‚ùØ[00m [K[42C[31m[00m[34m ‚úπ[36m ‚ú≠[00m[46D../ser  t  test.sh[1m [0m[0m 
]2;./test.sh]1;./test.sh
Starting Testacular Server (http://vojtajina.github.com/testacular)
-------------------------------------------------------------------
[33mwarn (watcher):[39m Pattern "/Users/ciro/personal/frog/app/lib/angular/angular.js" does not match any file.
[33mwarn (watcher):[39m Pattern "/Users/ciro/personal/frog/app/lib/angular/angular-*.js" does not match any file.
[33mwarn (watcher):[39m Pattern "/Users/ciro/personal/frog/app/js/**/*.js" does not match any file.
[36minfo:[39m Testacular server started at http://localhost:9876/
[36minfo (launcher):[39m Starting browser Chrome
[36minfo (Chrome 24.0):[39m Connected on socket id V5y53tzmpOmx_IIcqjd8
[31mChrome 24.0 ERROR[39m
        Uncaught ReferenceError: angular is not defined
        at /Users/ciro/personal/frog/test/lib/angular/angular-mocks.js:16
Chrome 24.0: Executed 0 of 0
[1A[2KChrome 24.0: Executed 0 of 0 [31mERROR[39m (0.086 secs / 0 secs)
^C[36minfo:[39m Disconnecting all browsers
[1m[7m%[27m[1m[0m                                                                    ]2;ciro@macallan-2: ~/personal/frog/scripts]1;../frog/scripts[0m[27m[24m[J[36mscripts [34mgit[00m:[31mmaster[00m [01;32m‚ùØ[00m [K[42C[31m[00m[34m ‚úπ[36m ‚ú≠[00m[46D./test.sh
]2;./test.sh]1;./test.sh
Starting Testacular Server (http://vojtajina.github.com/testacular)
-------------------------------------------------------------------
[36minfo:[39m Testacular server started at http://localhost:9876/
[36minfo (launcher):[39m Starting browser PhantomJS
[36minfo (PhantomJS 1.6):[39m Connected on socket id jnkzqNf4I9rA2NdDrCHz
[31mPhantomJS 1.6 MyCtrl1 should .... FAILED[39m
        ReferenceError: Can't find variable: MyCtrl1
            at /Users/ciro/personal/frog/test/unit/controllersSpec.js:9
            at http://localhost:9876/testacular.js:76
            at http://localhost:9876/context.html:48
PhantomJS 1.6: Executed 1 of 5 [31m(1 FAILED)[39m
[1A[2K[31mPhantomJS 1.6 MyCtrl2 should .... FAILED[39m
        ReferenceError: Can't find variable: MyCtrl2
            at /Users/ciro/personal/frog/test/unit/controllersSpec.js:24
PhantomJS 1.6: Executed 2 of 5 [31m(2 FAILED)[39m
[1A[2K[31mPhantomJS 1.6 directives app-version should print current version FAILED[39m
        Error: No module: myApp.directives
            at /Users/ciro/personal/frog/public/js/lib/angular/angular.min.js:17
            at a (/Users/ciro/personal/frog/public/js/lib/angular/angular.min.js:16)
            at /Users/ciro/personal/frog/public/js/lib/angular/angular.min.js:18
            at /Users/ciro/personal/frog/public/js/lib/angular/angular.min.js:24
PhantomJS 1.6: Executed 3 of 5 [31m(3 FAILED)[39m
[1A[2K[31mPhantomJS 1.6 filter interpolate should replace VERSION FAILED[39m
        Error: No module: myApp.filters
            at /Users/ciro/personal/frog/public/js/lib/angular/angular.min.js:17
            at a (/Users/ciro/personal/frog/public/js/lib/angular/angular.min.js:16)
            at /Users/ciro/personal/frog/public/js/lib/angular/angular.min.js:18
            at /Users/ciro/personal/frog/public/js/lib/angular/angular.min.js:24
PhantomJS 1.6: Executed 4 of 5 [31m(4 FAILED)[39m
[1A[2K[31mPhantomJS 1.6 service version should return current version FAILED[39m
        Error: No module: myApp.services
            at /Users/ciro/personal/frog/public/js/lib/angular/angular.min.js:17
            at a (/Users/ciro/personal/frog/public/js/lib/angular/angular.min.js:16)
            at /Users/ciro/personal/frog/public/js/lib/angular/angular.min.js:18
            at /Users/ciro/personal/frog/public/js/lib/angular/angular.min.js:24
PhantomJS 1.6: Executed 5 of 5 [31m(5 FAILED)[39m
[1A[2KPhantomJS 1.6: Executed 5 of 5 [31m(5 FAILED)[39m (0.128 secs / 0.01 secs)
[36minfo (watcher):[39m Changed file "/Users/ciro/personal/frog/test/unit/directivesSpec.js".
[31mPhantomJS 1.6 MyCtrl1 should .... FAILED[39m
        ReferenceError: Can't find variable: MyCtrl1
            at /Users/ciro/personal/frog/test/unit/controllersSpec.js:9
            at http://localhost:9876/testacular.js:76
            at http://localhost:9876/context.html:48
PhantomJS 1.6: Executed 1 of 4 [31m(1 FAILED)[39m
[1A[2K[31mPhantomJS 1.6 MyCtrl2 should .... FAILED[39m
        ReferenceError: Can't find variable: MyCtrl2
            at /Users/ciro/personal/frog/test/unit/controllersSpec.js:24
PhantomJS 1.6: Executed 2 of 4 [31m(2 FAILED)[39m
[1A[2K[31mPhantomJS 1.6 filter interpolate should replace VERSION FAILED[39m
        Error: No module: myApp.filters
            at /Users/ciro/personal/frog/public/js/lib/angular/angular.min.js:17
            at a (/Users/ciro/personal/frog/public/js/lib/angular/angular.min.js:16)
            at /Users/ciro/personal/frog/public/js/lib/angular/angular.min.js:18
            at /Users/ciro/personal/frog/public/js/lib/angular/angular.min.js:24
PhantomJS 1.6: Executed 3 of 4 [31m(3 FAILED)[39m
[1A[2K[31mPhantomJS 1.6 service version should return current version FAILED[39m
        Error: No module: myApp.services
            at /Users/ciro/personal/frog/public/js/lib/angular/angular.min.js:17
            at a (/Users/ciro/personal/frog/public/js/lib/angular/angular.min.js:16)
            at /Users/ciro/personal/frog/public/js/lib/angular/angular.min.js:18
            at /Users/ciro/personal/frog/public/js/lib/angular/angular.min.js:24
PhantomJS 1.6: Executed 4 of 4 [31m(4 FAILED)[39m
[1A[2KPhantomJS 1.6: Executed 4 of 4 [31m(4 FAILED)[39m (0.032 secs / 0.007 secs)
[36minfo (watcher):[39m Changed file "/Users/ciro/personal/frog/test/unit/filtersSpec.js".
[31mPhantomJS 1.6 MyCtrl1 should .... FAILED[39m
        ReferenceError: Can't find variable: MyCtrl1
            at /Users/ciro/personal/frog/test/unit/controllersSpec.js:9
            at http://localhost:9876/testacular.js:76
            at http://localhost:9876/context.html:48
PhantomJS 1.6: Executed 1 of 3 [31m(1 FAILED)[39m
[1A[2K[31mPhantomJS 1.6 MyCtrl2 should .... FAILED[39m
        ReferenceError: Can't find variable: MyCtrl2
            at /Users/ciro/personal/frog/test/unit/controllersSpec.js:24
PhantomJS 1.6: Executed 2 of 3 [31m(2 FAILED)[39m
[1A[2K[31mPhantomJS 1.6 service version should return current version FAILED[39m
        Error: No module: myApp.services
            at /Users/ciro/personal/frog/public/js/lib/angular/angular.min.js:17
            at a (/Users/ciro/personal/frog/public/js/lib/angular/angular.min.js:16)
            at /Users/ciro/personal/frog/public/js/lib/angular/angular.min.js:18
            at /Users/ciro/personal/frog/public/js/lib/angular/angular.min.js:24
PhantomJS 1.6: Executed 3 of 3 [31m(3 FAILED)[39m
[1A[2KPhantomJS 1.6: Executed 3 of 3 [31m(3 FAILED)[39m (0.035 secs / 0.007 secs)
[36minfo (watcher):[39m Changed file "/Users/ciro/personal/frog/test/unit/servicesSpec.js".
[31mPhantomJS 1.6 MyCtrl1 should .... FAILED[39m
        ReferenceError: Can't find variable: MyCtrl1
            at /Users/ciro/personal/frog/test/unit/controllersSpec.js:9
            at http://localhost:9876/testacular.js:76
            at http://localhost:9876/context.html:48
PhantomJS 1.6: Executed 1 of 2 [31m(1 FAILED)[39m
[1A[2K[31mPhantomJS 1.6 MyCtrl2 should .... FAILED[39m
        ReferenceError: Can't find variable: MyCtrl2
            at /Users/ciro/personal/frog/test/unit/controllersSpec.js:24
PhantomJS 1.6: Executed 2 of 2 [31m(2 FAILED)[39m
[1A[2KPhantomJS 1.6: Executed 2 of 2 [31m(2 FAILED)[39m (0.031 secs / 0.003 secs)
[36minfo (watcher):[39m Changed file "/Users/ciro/personal/frog/test/unit/controllersSpec.js".
[31mPhantomJS 1.6 Controller: Document should .... FAILED[39m
        ReferenceError: Can't find variable: MyCtrl1
            at /Users/ciro/personal/frog/test/unit/controllersSpec.js:9
            at http://localhost:9876/testacular.js:76
            at http://localhost:9876/context.html:48
PhantomJS 1.6: Executed 1 of 1 [31m(1 FAILED)[39m
[1A[2KPhantomJS 1.6: Executed 1 of 1 [31m(1 FAILED)[39m (0.025 secs / 0.003 secs)
[36minfo (watcher):[39m Changed file "/Users/ciro/personal/frog/public/js/app.js".
[31mPhantomJS 1.6 Controller: Document should .... FAILED[39m
        ReferenceError: Can't find variable: MyCtrl1
            at /Users/ciro/personal/frog/test/unit/controllersSpec.js:9
            at http://localhost:9876/testacular.js:76
            at http://localhost:9876/context.html:48
PhantomJS 1.6: Executed 1 of 1 [31m(1 FAILED)[39m
[1A[2KPhantomJS 1.6: Executed 1 of 1 [31m(1 FAILED)[39m (0.026 secs / 0.002 secs)
[36minfo (watcher):[39m Changed file "/Users/ciro/personal/frog/public/js/app.js".
[31mPhantomJS 1.6 Controller: Document should .... FAILED[39m
        ReferenceError: Can't find variable: MyCtrl1
            at /Users/ciro/personal/frog/test/unit/controllersSpec.js:9
            at http://localhost:9876/testacular.js:76
            at http://localhost:9876/context.html:48
PhantomJS 1.6: Executed 1 of 1 [31m(1 FAILED)[39m
[1A[2KPhantomJS 1.6: Executed 1 of 1 [31m(1 FAILED)[39m (0.032 secs / 0.003 secs)
[36minfo (watcher):[39m Changed file "/Users/ciro/personal/frog/public/js/app.js".
[31mPhantomJS 1.6 Controller: Document should .... FAILED[39m
        ReferenceError: Can't find variable: MyCtrl1
            at /Users/ciro/personal/frog/test/unit/controllersSpec.js:9
            at http://localhost:9876/testacular.js:76
            at http://localhost:9876/context.html:48
PhantomJS 1.6: Executed 1 of 1 [31m(1 FAILED)[39m
[1A[2KPhantomJS 1.6: Executed 1 of 1 [31m(1 FAILED)[39m (0.029 secs / 0.003 secs)
[36minfo (watcher):[39m Changed file "/Users/ciro/personal/frog/public/js/app.js".
[31mPhantomJS 1.6 Controller: Document should .... FAILED[39m
        ReferenceError: Can't find variable: MyCtrl1
            at /Users/ciro/personal/frog/test/unit/controllersSpec.js:9
            at http://localhost:9876/testacular.js:76
            at http://localhost:9876/context.html:48
PhantomJS 1.6: Executed 1 of 1 [31m(1 FAILED)[39m
[1A[2KPhantomJS 1.6: Executed 1 of 1 [31m(1 FAILED)[39m (0.03 secs / 0.003 secs)
[36minfo (watcher):[39m Changed file "/Users/ciro/personal/frog/public/js/directives.js".
[31mPhantomJS 1.6 Controller: Document should .... FAILED[39m
        ReferenceError: Can't find variable: MyCtrl1
            at /Users/ciro/personal/frog/test/unit/controllersSpec.js:9
            at http://localhost:9876/testacular.js:76
            at http://localhost:9876/context.html:48
PhantomJS 1.6: Executed 1 of 1 [31m(1 FAILED)[39m
[1A[2KPhantomJS 1.6: Executed 1 of 1 [31m(1 FAILED)[39m (0.031 secs / 0.005 secs)
[36minfo (watcher):[39m Changed file "/Users/ciro/personal/frog/public/js/services.js".
[31mPhantomJS 1.6 Controller: Document should .... FAILED[39m
        ReferenceError: Can't find variable: MyCtrl1
            at /Users/ciro/personal/frog/test/unit/controllersSpec.js:9
            at http://localhost:9876/testacular.js:76
            at http://localhost:9876/context.html:48
PhantomJS 1.6: Executed 1 of 1 [31m(1 FAILED)[39m
[1A[2KPhantomJS 1.6: Executed 1 of 1 [31m(1 FAILED)[39m (0.035 secs / 0.005 secs)
[36minfo (watcher):[39m Changed file "/Users/ciro/personal/frog/public/js/controllers.js".
[31mPhantomJS 1.6 Controller: Document should .... FAILED[39m
        ReferenceError: Can't find variable: MyCtrl1
            at /Users/ciro/personal/frog/test/unit/controllersSpec.js:9
            at http://localhost:9876/testacular.js:76
            at http://localhost:9876/context.html:48
PhantomJS 1.6: Executed 1 of 1 [31m(1 FAILED)[39m
[1A[2KPhantomJS 1.6: Executed 1 of 1 [31m(1 FAILED)[39m (0.027 secs / 0.003 secs)
[36minfo (watcher):[39m Changed file "/Users/ciro/personal/frog/public/js/controllers.js".
[31mPhantomJS 1.6 Controller: Document should .... FAILED[39m
        ReferenceError: Can't find variable: MyCtrl1
            at /Users/ciro/personal/frog/test/unit/controllersSpec.js:9
            at http://localhost:9876/testacular.js:76
            at http://localhost:9876/context.html:48
PhantomJS 1.6: Executed 1 of 1 [31m(1 FAILED)[39m
[1A[2KPhantomJS 1.6: Executed 1 of 1 [31m(1 FAILED)[39m (0.025 secs / 0.003 secs)
[36minfo (watcher):[39m Changed file "/Users/ciro/personal/frog/public/js/controllers.js".
[31mPhantomJS 1.6 Controller: Document should .... FAILED[39m
        ReferenceError: Can't find variable: MyCtrl1
            at /Users/ciro/personal/frog/test/unit/controllersSpec.js:9
            at http://localhost:9876/testacular.js:76
            at http://localhost:9876/context.html:48
PhantomJS 1.6: Executed 1 of 1 [31m(1 FAILED)[39m
[1A[2KPhantomJS 1.6: Executed 1 of 1 [31m(1 FAILED)[39m (0.026 secs / 0.004 secs)
[36minfo (watcher):[39m Changed file "/Users/ciro/personal/frog/public/js/controllers.js".
[31mPhantomJS 1.6 Controller: Document should .... FAILED[39m
        ReferenceError: Can't find variable: MyCtrl1
            at /Users/ciro/personal/frog/test/unit/controllersSpec.js:9
            at http://localhost:9876/testacular.js:76
            at http://localhost:9876/context.html:48
PhantomJS 1.6: Executed 1 of 1 [31m(1 FAILED)[39m
[1A[2KPhantomJS 1.6: Executed 1 of 1 [31m(1 FAILED)[39m (0.031 secs / 0.003 secs)
[36minfo (watcher):[39m Changed file "/Users/ciro/personal/frog/public/js/controllers.js".
[31mPhantomJS 1.6 Controller: Document should .... FAILED[39m
        ReferenceError: Can't find variable: MyCtrl1
            at /Users/ciro/personal/frog/test/unit/controllersSpec.js:9
            at http://localhost:9876/testacular.js:76
            at http://localhost:9876/context.html:48
PhantomJS 1.6: Executed 1 of 1 [31m(1 FAILED)[39m
[1A[2KPhantomJS 1.6: Executed 1 of 1 [31m(1 FAILED)[39m (0.03 secs / 0.004 secs)
[36minfo (watcher):[39m Changed file "/Users/ciro/personal/frog/public/js/app.js".
[31mPhantomJS 1.6 Controller: Document should .... FAILED[39m
        ReferenceError: Can't find variable: MyCtrl1
            at /Users/ciro/personal/frog/test/unit/controllersSpec.js:9
            at http://localhost:9876/testacular.js:76
            at http://localhost:9876/context.html:48
PhantomJS 1.6: Executed 1 of 1 [31m(1 FAILED)[39m
[1A[2KPhantomJS 1.6: Executed 1 of 1 [31m(1 FAILED)[39m (0.032 secs / 0.003 secs)
[36minfo (watcher):[39m Changed file "/Users/ciro/personal/frog/public/js/controllers.js".
[31mPhantomJS 1.6 Controller: Document should .... FAILED[39m
        ReferenceError: Can't find variable: MyCtrl1
            at /Users/ciro/personal/frog/test/unit/controllersSpec.js:9
            at http://localhost:9876/testacular.js:76
            at http://localhost:9876/context.html:48
PhantomJS 1.6: Executed 1 of 1 [31m(1 FAILED)[39m
[1A[2KPhantomJS 1.6: Executed 1 of 1 [31m(1 FAILED)[39m (0.033 secs / 0.005 secs)
[36minfo (watcher):[39m Changed file "/Users/ciro/personal/frog/public/js/controllers.js".
[31mPhantomJS 1.6 Controller: Document should .... FAILED[39m
        ReferenceError: Can't find variable: MyCtrl1
            at /Users/ciro/personal/frog/test/unit/controllersSpec.js:9
            at http://localhost:9876/testacular.js:76
            at http://localhost:9876/context.html:48
PhantomJS 1.6: Executed 1 of 1 [31m(1 FAILED)[39m
[1A[2KPhantomJS 1.6: Executed 1 of 1 [31m(1 FAILED)[39m (0.029 secs / 0.004 secs)
[36minfo (watcher):[39m Changed file "/Users/ciro/personal/frog/public/js/controllers.js".
[31mPhantomJS 1.6 Controller: Document should .... FAILED[39m
        ReferenceError: Can't find variable: MyCtrl1
            at /Users/ciro/personal/frog/test/unit/controllersSpec.js:9
            at http://localhost:9876/testacular.js:76
            at http://localhost:9876/context.html:48
PhantomJS 1.6: Executed 1 of 1 [31m(1 FAILED)[39m
[1A[2KPhantomJS 1.6: Executed 1 of 1 [31m(1 FAILED)[39m (0.027 secs / 0.002 secs)
[36minfo (watcher):[39m Changed file "/Users/ciro/personal/frog/public/js/controllers.js".
[31mPhantomJS 1.6 Controller: Document should .... FAILED[39m
        ReferenceError: Can't find variable: MyCtrl1
            at /Users/ciro/personal/frog/test/unit/controllersSpec.js:9
            at http://localhost:9876/testacular.js:76
            at http://localhost:9876/context.html:48
PhantomJS 1.6: Executed 1 of 1 [31m(1 FAILED)[39m
[1A[2KPhantomJS 1.6: Executed 1 of 1 [31m(1 FAILED)[39m (0.026 secs / 0.003 secs)
[36minfo (watcher):[39m Changed file "/Users/ciro/personal/frog/test/unit/controllersSpec.js".
[31mPhantomJS 1.6 MyCtrl1 should .... FAILED[39m
        ReferenceError: Can't find variable: MyCtrl1
            at /Users/ciro/personal/frog/test/unit/controllersSpec.js:9
            at http://localhost:9876/testacular.js:76
            at http://localhost:9876/context.html:48
PhantomJS 1.6: Executed 1 of 1 [31m(1 FAILED)[39m
[1A[2KPhantomJS 1.6: Executed 1 of 1 [31m(1 FAILED)[39m (0.026 secs / 0.003 secs)
[36minfo (watcher):[39m Changed file "/Users/ciro/personal/frog/public/js/app.js".
[31mPhantomJS 1.6 MyCtrl1 should .... FAILED[39m
        ReferenceError: Can't find variable: MyCtrl1
            at /Users/ciro/personal/frog/test/unit/controllersSpec.js:9
            at http://localhost:9876/testacular.js:76
            at http://localhost:9876/context.html:48
PhantomJS 1.6: Executed 1 of 1 [31m(1 FAILED)[39m
[1A[2KPhantomJS 1.6: Executed 1 of 1 [31m(1 FAILED)[39m (0.032 secs / 0.003 secs)
[36minfo (watcher):[39m Changed file "/Users/ciro/personal/frog/public/js/controllers.js".
[31mPhantomJS 1.6 MyCtrl1 should .... FAILED[39m
        ReferenceError: Can't find variable: MyCtrl1
            at /Users/ciro/personal/frog/test/unit/controllersSpec.js:9
            at http://localhost:9876/testacular.js:76
            at http://localhost:9876/context.html:48
PhantomJS 1.6: Executed 1 of 1 [31m(1 FAILED)[39m
[1A[2KPhantomJS 1.6: Executed 1 of 1 [31m(1 FAILED)[39m (0.029 secs / 0.002 secs)
[36minfo (watcher):[39m Changed file "/Users/ciro/personal/frog/test/unit/controllersSpec.js".
[31mPhantomJS 1.6 DocumentCtrl should .... FAILED[39m
        Error: Argument 'TodoCtrl' is not a function, got undefined
            at qa (/Users/ciro/personal/frog/public/js/lib/angular/angular.min.js:16)
            at ra (/Users/ciro/personal/frog/public/js/lib/angular/angular.min.js:16)
            at /Users/ciro/personal/frog/public/js/lib/angular/angular.min.js:50
            at /Users/ciro/personal/frog/test/unit/controllersSpec.js:13
            at d (/Users/ciro/personal/frog/public/js/lib/angular/angular.min.js:27)
            at workFn (/Users/ciro/personal/frog/test/lib/angular/angular-mocks.js:1754)
            at http://localhost:9876/testacular.js:76
            at http://localhost:9876/context.html:48
PhantomJS 1.6: Executed 1 of 1 [31m(1 FAILED)[39m
[1A[2KPhantomJS 1.6: Executed 1 of 1 [31m(1 FAILED)[39m (0.034 secs / 0.009 secs)
[36minfo (watcher):[39m Changed file "/Users/ciro/personal/frog/test/unit/controllersSpec.js".
[31mPhantomJS 1.6 DocumentCtrl should .... FAILED[39m
        ReferenceError: Strict mode forbids implicit creation of global property 'TodoCtrl'
            at /Users/ciro/personal/frog/test/unit/controllersSpec.js:14
            at d (/Users/ciro/personal/frog/public/js/lib/angular/angular.min.js:27)
            at workFn (/Users/ciro/personal/frog/test/lib/angular/angular-mocks.js:1754)
            at http://localhost:9876/testacular.js:76
            at http://localhost:9876/context.html:48
PhantomJS 1.6: Executed 1 of 1 [31m(1 FAILED)[39m
[1A[2KPhantomJS 1.6: Executed 1 of 1 [31m(1 FAILED)[39m (0.041 secs / 0.009 secs)
[36minfo (watcher):[39m Changed file "/Users/ciro/personal/frog/test/unit/controllersSpec.js".
[31mPhantomJS 1.6 DocumentCtrl should .... FAILED[39m
        ReferenceError: Can't find variable: $
            at DocumentCtrl (/Users/ciro/personal/frog/public/js/controllers.js:31)
            at d (/Users/ciro/personal/frog/public/js/lib/angular/angular.min.js:27)
            at /Users/ciro/personal/frog/public/js/lib/angular/angular.min.js:27
            at /Users/ciro/personal/frog/public/js/lib/angular/angular.min.js:50
            at /Users/ciro/personal/frog/test/unit/controllersSpec.js:13
            at d (/Users/ciro/personal/frog/public/js/lib/angular/angular.min.js:27)
            at workFn (/Users/ciro/personal/frog/test/lib/angular/angular-mocks.js:1754)
            at http://localhost:9876/testacular.js:76
            at http://localhost:9876/context.html:48
PhantomJS 1.6: Executed 1 of 1 [31m(1 FAILED)[39m
[1A[2KPhantomJS 1.6: Executed 1 of 1 [31m(1 FAILED)[39m (0.031 secs / 0.007 secs)
[36minfo (watcher):[39m Changed file "/Users/ciro/personal/frog/test/unit/controllersSpec.js".
[31mPhantomJS 1.6 DocumentCtrl should .... FAILED[39m
        ReferenceError: Can't find variable: $
            at DocumentCtrl (/Users/ciro/personal/frog/public/js/controllers.js:31)
            at d (/Users/ciro/personal/frog/public/js/lib/angular/angular.min.js:27)
            at /Users/ciro/personal/frog/public/js/lib/angular/angular.min.js:27
            at /Users/ciro/personal/frog/public/js/lib/angular/angular.min.js:50
            at /Users/ciro/personal/frog/test/unit/controllersSpec.js:13
            at d (/Users/ciro/personal/frog/public/js/lib/angular/angular.min.js:27)
            at workFn (/Users/ciro/personal/frog/test/lib/angular/angular-mocks.js:1754)
            at http://localhost:9876/testacular.js:76
            at http://localhost:9876/context.html:48
PhantomJS 1.6: Executed 1 of 1 [31m(1 FAILED)[39m
[1A[2KPhantomJS 1.6: Executed 1 of 1 [31m(1 FAILED)[39m (0.029 secs / 0.007 secs)
^C[36minfo:[39m Disconnecting all browsers
[1m[7m%[27m[1m[0m                                                                    ]2;ciro@macallan-2: ~/personal/frog/scripts]1;../frog/scripts[0m[27m[24m[J[36mscripts [34mgit[00m:[31mmaster[00m [01;32m‚ùØ[00m [K[42C[31m[00m[34m ‚úπ[36m ‚ú≠[00m[46D./test.sh
]2;./test.sh]1;./test.sh
Starting Testacular Server (http://vojtajina.github.com/testacular)
-------------------------------------------------------------------
[36minfo:[39m Testacular server started at http://localhost:9876/
[36minfo (launcher):[39m Starting browser PhantomJS
[36minfo (PhantomJS 1.6):[39m Connected on socket id WM6oGBUQPw7Jfb6ctV5i
[31mPhantomJS 1.6 DocumentCtrl should .... FAILED[39m
        ReferenceError: Can't find variable: $
            at DocumentCtrl (/Users/ciro/personal/frog/public/js/controllers.js:31)
            at d (/Users/ciro/personal/frog/public/js/lib/angular/angular.min.js:27)
            at /Users/ciro/personal/frog/public/js/lib/angular/angular.min.js:27
            at /Users/ciro/personal/frog/public/js/lib/angular/angular.min.js:50
            at /Users/ciro/personal/frog/test/unit/controllersSpec.js:13
            at d (/Users/ciro/personal/frog/public/js/lib/angular/angular.min.js:27)
            at workFn (/Users/ciro/personal/frog/test/lib/angular/angular-mocks.js:1754)
            at http://localhost:9876/testacular.js:76
            at http://localhost:9876/context.html:48
PhantomJS 1.6: Executed 1 of 1 [31m(1 FAILED)[39m
[1A[2KPhantomJS 1.6: Executed 1 of 1 [31m(1 FAILED)[39m (0.079 secs / 0.008 secs)
[36minfo (watcher):[39m Changed file "/Users/ciro/personal/frog/public/js/controllers.js".
[31mPhantomJS 1.6 DocumentCtrl should .... FAILED[39m
        ReferenceError: Can't find variable: $
            at DocumentCtrl (/Users/ciro/personal/frog/public/js/controllers.js:31)
            at d (/Users/ciro/personal/frog/public/js/lib/angular/angular.min.js:27)
            at /Users/ciro/personal/frog/public/js/lib/angular/angular.min.js:27
            at /Users/ciro/personal/frog/public/js/lib/angular/angular.min.js:50
            at /Users/ciro/personal/frog/test/unit/controllersSpec.js:13
            at d (/Users/ciro/personal/frog/public/js/lib/angular/angular.min.js:27)
            at workFn (/Users/ciro/personal/frog/test/lib/angular/angular-mocks.js:1754)
            at http://localhost:9876/testacular.js:76
            at http://localhost:9876/context.html:48
PhantomJS 1.6: Executed 1 of 1 [31m(1 FAILED)[39m
[1A[2KPhantomJS 1.6: Executed 1 of 1 [31m(1 FAILED)[39m (0.032 secs / 0.008 secs)
[36minfo (watcher):[39m Changed file "/Users/ciro/personal/frog/public/js/controllers.js".
PhantomJS 1.6: Executed 1 of 1
[1A[2KPhantomJS 1.6: Executed 1 of 1 [32mSUCCESS[39m (0.034 secs / 0.008 secs)
[36minfo (watcher):[39m Changed file "/Users/ciro/personal/frog/public/js/controllers.js".
[31mPhantomJS 1.6 DocumentCtrl should .... FAILED[39m
        ReferenceError: Can't find variable: $
            at DocumentCtrl (/Users/ciro/personal/frog/public/js/controllers.js:31)
            at d (/Users/ciro/personal/frog/public/js/lib/angular/angular.min.js:27)
            at /Users/ciro/personal/frog/public/js/lib/angular/angular.min.js:27
            at /Users/ciro/personal/frog/public/js/lib/angular/angular.min.js:50
            at /Users/ciro/personal/frog/test/unit/controllersSpec.js:13
            at d (/Users/ciro/personal/frog/public/js/lib/angular/angular.min.js:27)
            at workFn (/Users/ciro/personal/frog/test/lib/angular/angular-mocks.js:1754)
            at http://localhost:9876/testacular.js:76
            at http://localhost:9876/context.html:48
PhantomJS 1.6: Executed 1 of 1 [31m(1 FAILED)[39m
[1A[2KPhantomJS 1.6: Executed 1 of 1 [31m(1 FAILED)[39m (0.036 secs / 0.008 secs)
^C[36minfo:[39m Disconnecting all browsers
[1m[7m%[27m[1m[0m                                                                    ]2;ciro@macallan-2: ~/personal/frog/scripts]1;../frog/scripts[0m[27m[24m[J[36mscripts [34mgit[00m:[31mmaster[00m [01;32m‚ùØ[00m [K[42C[31m[00m[34m ‚úπ[36m ‚ú≠[00m[46D./test.sh
]2;./test.sh]1;./test.sh
Starting Testacular Server (http://vojtajina.github.com/testacular)
-------------------------------------------------------------------
[36minfo:[39m Testacular server started at http://localhost:9876/
[36minfo (launcher):[39m Starting browser PhantomJS
[36minfo (PhantomJS 1.6):[39m Connected on socket id WPnBlFfHeexkcQ7_twZB
[31mPhantomJS 1.6 ERROR[39m
        ReferenceError: Can't find variable: CodeMirror
        at /Users/ciro/personal/frog/public/js/controllers.js:32
PhantomJS 1.6: Executed 0 of 1
[1A[2KPhantomJS 1.6: Executed 0 of 1 [31mERROR[39m (0.099 secs / 0 secs)
^C[36minfo:[39m Disconnecting all browsers
[1m[7m%[27m[1m[0m                                                                    ]2;ciro@macallan-2: ~/personal/frog/scripts]1;../frog/scripts[0m[27m[24m[J[36mscripts [34mgit[00m:[31mmaster[00m [01;32m‚ùØ[00m [K[42C[31m[00m[34m ‚úπ[36m ‚ú≠[00m[46D./test.sh
]2;./test.sh]1;./test.sh
Starting Testacular Server (http://vojtajina.github.com/testacular)
-------------------------------------------------------------------
[36minfo:[39m Testacular server started at http://localhost:9876/
[36minfo (launcher):[39m Starting browser PhantomJS
[36minfo (PhantomJS 1.6):[39m Connected on socket id P-NPipnXEuCbC3l_t4nS
[31mPhantomJS 1.6 ERROR[39m
        TypeError: 'null' is not an object (evaluating 'a.value')
        at /Users/ciro/personal/frog/public/js/codemirror/codemirror.js:3
PhantomJS 1.6: Executed 0 of 1
[1A[2KPhantomJS 1.6: Executed 0 of 1 [31mERROR[39m (0.109 secs / 0 secs)
^C[36minfo:[39m Disconnecting all browsers
[1m[7m%[27m[1m[0m                                                                    ]2;ciro@macallan-2: ~/personal/frog/scripts]1;../frog/scripts[0m[27m[24m[J[36mscripts [34mgit[00m:[31mmaster[00m [01;32m‚ùØ[00m [K[42C[31m[00m[34m ‚úπ[36m ‚ú≠[00m[46D./test.sh
]2;./test.sh]1;./test.sh
Starting Testacular Server (http://vojtajina.github.com/testacular)
-------------------------------------------------------------------
[36minfo:[39m Testacular server started at http://localhost:9876/
[36minfo (launcher):[39m Starting browser PhantomJS
[36minfo (PhantomJS 1.6):[39m Connected on socket id 5EcnvVs3imczzfSNt8ZH
[31mPhantomJS 1.6 ERROR[39m
        TypeError: 'null' is not an object (evaluating 'a.value')
        at /Users/ciro/personal/frog/public/js/codemirror/codemirror.js:3
PhantomJS 1.6: Executed 0 of 1
[1A[2KPhantomJS 1.6: Executed 0 of 1 [31mERROR[39m (0.095 secs / 0 secs)
^C[36minfo:[39m Disconnecting all browsers
[1m[7m%[27m[1m[0m                                                                    ]2;ciro@macallan-2: ~/personal/frog/scripts]1;../frog/scripts[0m[27m[24m[J[36mscripts [34mgit[00m:[31mmaster[00m [01;32m‚ùØ[00m [K[42C[31m[00m[34m ‚úπ[36m ‚ú≠[00m[46D./test.sh
]2;./test.sh]1;./test.sh
Starting Testacular Server (http://vojtajina.github.com/testacular)
-------------------------------------------------------------------
[36minfo:[39m Testacular server started at http://localhost:9876/
[36minfo (launcher):[39m Starting browser PhantomJS
[36minfo (PhantomJS 1.6):[39m Connected on socket id LIxxFGeXVcIF3zmEt-gH
[31mPhantomJS 1.6 ERROR[39m
        ReferenceError: Can't find variable: CodeMirror
        at /Users/ciro/personal/frog/public/js/codemirror/css.js:1
PhantomJS 1.6: Executed 0 of 0
[1A[2KPhantomJS 1.6: Executed 0 of 0 [31mERROR[39m (0.091 secs / 0 secs)
[36minfo (watcher):[39m Changed file "/Users/ciro/personal/frog/public/js/controllers.js".
[31mPhantomJS 1.6 ERROR[39m
        ReferenceError: Can't find variable: CodeMirror
        at /Users/ciro/personal/frog/public/js/codemirror/css.js:1
PhantomJS 1.6: Executed 0 of 0
[1A[2KPhantomJS 1.6: Executed 0 of 0 [31mERROR[39m (0.051 secs / 0 secs)
^C[36minfo:[39m Disconnecting all browsers
[1m[7m%[27m[1m[0m                                                                    ]2;ciro@macallan-2: ~/personal/frog/scripts]1;../frog/scripts[0m[27m[24m[J[36mscripts [34mgit[00m:[31mmaster[00m [01;32m‚ùØ[00m [K[42C[31m[00m[34m ‚úπ[36m ‚ú≠[00m[46D./test.sh
]2;./test.sh]1;./test.sh
Starting Testacular Server (http://vojtajina.github.com/testacular)
-------------------------------------------------------------------
[36minfo:[39m Testacular server started at http://localhost:9876/
[36minfo (launcher):[39m Starting browser PhantomJS
[36minfo (PhantomJS 1.6):[39m Connected on socket id ZHa6FQzs8FhDcFsduCif
PhantomJS 1.6: Executed 1 of 1
[1A[2KPhantomJS 1.6: Executed 1 of 1 [32mSUCCESS[39m (0.093 secs / 0.02 secs)
[36minfo (watcher):[39m Changed file "/Users/ciro/personal/frog/public/js/controllers.js".
PhantomJS 1.6: Executed 1 of 1
[1A[2KPhantomJS 1.6: Executed 1 of 1 [32mSUCCESS[39m (0.048 secs / 0.013 secs)
[36minfo (watcher):[39m Changed file "/Users/ciro/personal/frog/test/unit/controllersSpec.js".
[31mPhantomJS 1.6 DocumentCtrl add new element should create navigation item FAILED[39m
        TypeError: 'undefined' is not a function (evaluating 'scope.createEl()')
            at /Users/ciro/personal/frog/test/unit/controllersSpec.js:20
PhantomJS 1.6: Executed 1 of 1 [31m(1 FAILED)[39m
[1A[2KPhantomJS 1.6: Executed 1 of 1 [31m(1 FAILED)[39m (0.056 secs / 0.014 secs)
[36minfo (watcher):[39m Changed file "/Users/ciro/personal/frog/public/js/controllers.js".
[31mPhantomJS 1.6 DocumentCtrl add new element should create navigation item FAILED[39m
        Error: Unexpected request: GET /api/elements
        No more request expected
            at $httpBackend (/Users/ciro/personal/frog/test/lib/angular/angular-mocks.js:911)
            at o (/Users/ciro/personal/frog/public/js/lib/angular/angular.min.js:94)
            at l (/Users/ciro/personal/frog/public/js/lib/angular/angular.min.js:92)
            at /Users/ciro/personal/frog/public/js/lib/angular/angular.min.js:94
            at DocumentCtrl (/Users/ciro/personal/frog/public/js/controllers.js:31)
            at d (/Users/ciro/personal/frog/public/js/lib/angular/angular.min.js:27)
            at /Users/ciro/personal/frog/public/js/lib/angular/angular.min.js:27
            at /Users/ciro/personal/frog/public/js/lib/angular/angular.min.js:50
            at /Users/ciro/personal/frog/test/unit/controllersSpec.js:13
            at d (/Users/ciro/personal/frog/public/js/lib/angular/angular.min.js:27)
            at workFn (/Users/ciro/personal/frog/test/lib/angular/angular-mocks.js:1754)
            at http://localhost:9876/testacular.js:76
            at http://localhost:9876/context.html:49
        TypeError: 'undefined' is not a function (evaluating 'scope.createEl()')
            at /Users/ciro/personal/frog/test/unit/controllersSpec.js:20
PhantomJS 1.6: Executed 1 of 1 [31m(1 FAILED)[39m
[1A[2KPhantomJS 1.6: Executed 1 of 1 [31m(1 FAILED)[39m (0.09 secs / 0.022 secs)
[36minfo (watcher):[39m Changed file "/Users/ciro/personal/frog/public/js/controllers.js".
[31mPhantomJS 1.6 DocumentCtrl add new element should create navigation item FAILED[39m
        Error: Unexpected request: GET /api/elements
        No more request expected
            at $httpBackend (/Users/ciro/personal/frog/test/lib/angular/angular-mocks.js:911)
            at o (/Users/ciro/personal/frog/public/js/lib/angular/angular.min.js:94)
            at l (/Users/ciro/personal/frog/public/js/lib/angular/angular.min.js:92)
            at /Users/ciro/personal/frog/public/js/lib/angular/angular.min.js:94
            at DocumentCtrl (/Users/ciro/personal/frog/public/js/controllers.js:31)
            at d (/Users/ciro/personal/frog/public/js/lib/angular/angular.min.js:27)
            at /Users/ciro/personal/frog/public/js/lib/angular/angular.min.js:27
            at /Users/ciro/personal/frog/public/js/lib/angular/angular.min.js:50
            at /Users/ciro/personal/frog/test/unit/controllersSpec.js:13
            at d (/Users/ciro/personal/frog/public/js/lib/angular/angular.min.js:27)
            at workFn (/Users/ciro/personal/frog/test/lib/angular/angular-mocks.js:1754)
            at http://localhost:9876/testacular.js:76
            at http://localhost:9876/context.html:49
        TypeError: 'undefined' is not a function (evaluating 'scope.createEl()')
            at /Users/ciro/personal/frog/test/unit/controllersSpec.js:20
PhantomJS 1.6: Executed 1 of 1 [31m(1 FAILED)[39m
[1A[2KPhantomJS 1.6: Executed 1 of 1 [31m(1 FAILED)[39m (0.069 secs / 0.015 secs)
^C[36minfo:[39m Disconnecting all browsers
[1m[7m%[27m[1m[0m                                                                    ]2;ciro@macallan-2: ~/personal/frog/scripts]1;../frog/scripts[0m[27m[24m[J[36mscripts [34mgit[00m:[31mmaster[00m [01;32m‚ùØ[00m [K[42C[31m[00m[34m ‚úπ[36m ‚ú≠[00m[46D